This is pdfTeX, Version 3.14159265-2.6-1.40.19 (TeX Live 2018) (preloaded format=pdflatex 2019.2.28)  15 MAR 2019 15:22
entering extended mode
 restricted \write18 enabled.
 %&-line parsing enabled.
**project1functional/app/Board.hs
(./project1functional/app/Board.hs
LaTeX2e <2018-04-01> patch level 5

! LaTeX Error: Missing \begin{document}.

See the LaTeX manual or LaTeX Companion for explanation.
Type  H <return>  for immediate help.
 ...                                              
                                                  
l.1 m
     odule Board
? 
! Emergency stop.
 ...                                              
                                                  
l.1 m
     odule Board
You're in trouble here.  Try typing  <return>  to proceed.
If that doesn't work, type  X <return>  to quit.

 
Here is how much of TeX's memory you used:
 8 strings out of 492701
 322 string characters out of 6134504
 56477 words of memory out of 5000000
 3980 multiletter control sequences out of 15000+600000
 3640 words of font info for 14 fonts, out of 8000000 for 9000
 1137 hyphenation exceptions out of 8191
 5i,0n,4p,46b,14s stack positions out of 5000i,500n,10000p,200000b,80000s
!  ==> Fatal error occurred, no output PDF file produced!
