This is pdfTeX, Version 3.14159265-2.6-1.40.19 (TeX Live 2018) (preloaded format=pdflatex 2019.2.2)  14 FEB 2019 14:48
entering extended mode
 restricted \write18 enabled.
 %&-line parsing enabled.
**theory.tex
(./theory.tex
LaTeX2e <2018-04-01> patch level 5
! Undefined control sequence.
l.1 \chapter
            {Theory}\label{theory}
? 
! Emergency stop.
l.1 \chapter
            {Theory}\label{theory}
End of file on the terminal!

 
Here is how much of TeX's memory you used:
 5 strings out of 492701
 123 string characters out of 6134505
 56074 words of memory out of 5000000
 3980 multiletter control sequences out of 15000+600000
 3640 words of font info for 14 fonts, out of 8000000 for 9000
 1137 hyphenation exceptions out of 8191
 5i,0n,1p,44b,8s stack positions out of 5000i,500n,10000p,200000b,80000s
!  ==> Fatal error occurred, no output PDF file produced!
