Configuring hashtables-1.2.3.1...
Preprocessing library for hashtables-1.2.3.1..
Building library for hashtables-1.2.3.1..
[ 1 of 12] Compiling Data.HashTable.Class ( src/Data/HashTable/Class.hs, .stack-work/dist/x86_64-linux-tinfo6/Cabal-2.4.0.1/build/Data/HashTable/Class.o )
[ 2 of 12] Compiling Data.HashTable.Internal.Array ( src/Data/HashTable/Internal/Array.hs, .stack-work/dist/x86_64-linux-tinfo6/Cabal-2.4.0.1/build/Data/HashTable/Internal/Array.o )
[ 3 of 12] Compiling Data.HashTable.Internal.IntArray ( src/Data/HashTable/Internal/IntArray.hs, .stack-work/dist/x86_64-linux-tinfo6/Cabal-2.4.0.1/build/Data/HashTable/Internal/IntArray.o )
[ 4 of 12] Compiling Data.HashTable.Internal.UnsafeTricks ( src/Data/HashTable/Internal/UnsafeTricks.hs, .stack-work/dist/x86_64-linux-tinfo6/Cabal-2.4.0.1/build/Data/HashTable/Internal/UnsafeTricks.o )
[ 5 of 12] Compiling Data.HashTable.Internal.Linear.Bucket ( src/Data/HashTable/Internal/Linear/Bucket.hs, .stack-work/dist/x86_64-linux-tinfo6/Cabal-2.4.0.1/build/Data/HashTable/Internal/Linear/Bucket.o )

src/Data/HashTable/Internal/Linear/Bucket.hs:353:21: warning: [-Wunused-matches]
    Defined but not used: ‘sz’
    |
353 |     mutate' (Bucket sz hwRef keys values) = do
    |                     ^^

src/Data/HashTable/Internal/Linear/Bucket.hs:366:19: warning: [-Wunused-matches]
    Defined but not used: ‘v’
    |
366 |             (Just v, (Just v', a)) -> do
    |                   ^

src/Data/HashTable/Internal/Linear/Bucket.hs:369:19: warning: [-Wunused-matches]
    Defined but not used: ‘v’
    |
369 |             (Just v, (Nothing, a)) -> do
    |                   ^
[ 6 of 12] Compiling Data.HashTable.Internal.Utils ( src/Data/HashTable/Internal/Utils.hs, .stack-work/dist/x86_64-linux-tinfo6/Cabal-2.4.0.1/build/Data/HashTable/Internal/Utils.o )
[ 7 of 12] Compiling Data.HashTable.Internal.CheapPseudoRandomBitStream ( src/Data/HashTable/Internal/CheapPseudoRandomBitStream.hs, .stack-work/dist/x86_64-linux-tinfo6/Cabal-2.4.0.1/build/Data/HashTable/Internal/CheapPseudoRandomBitStream.o )
[ 8 of 12] Compiling Data.HashTable.Internal.CacheLine ( src/Data/HashTable/Internal/CacheLine.hs, .stack-work/dist/x86_64-linux-tinfo6/Cabal-2.4.0.1/build/Data/HashTable/Internal/CacheLine.o )
[ 9 of 12] Compiling Data.HashTable.ST.Basic ( src/Data/HashTable/ST/Basic.hs, .stack-work/dist/x86_64-linux-tinfo6/Cabal-2.4.0.1/build/Data/HashTable/ST/Basic.o )
[10 of 12] Compiling Data.HashTable.ST.Cuckoo ( src/Data/HashTable/ST/Cuckoo.hs, .stack-work/dist/x86_64-linux-tinfo6/Cabal-2.4.0.1/build/Data/HashTable/ST/Cuckoo.o )

src/Data/HashTable/ST/Cuckoo.hs:435:22: warning: [-Wunused-matches]
    Defined but not used: ‘hashCode’
    |
435 |     !(maybeVal, idx, hashCode) <- lookupSlot
    |                      ^^^^^^^^

src/Data/HashTable/ST/Cuckoo.hs:439:15: warning: [-Wunused-matches]
    Defined but not used: ‘v’
    |
439 |         (Just v, (Just v', a)) -> do
    |               ^

src/Data/HashTable/ST/Cuckoo.hs:442:15: warning: [-Wunused-matches]
    Defined but not used: ‘v’
    |
442 |         (Just v, (Nothing, a)) -> do
    |               ^

src/Data/HashTable/ST/Cuckoo.hs:489:26: warning: [-Wunused-matches]
    Defined but not used: ‘k'’
    |
489 |                       (\(k', v') -> do
    |                          ^^

src/Data/HashTable/ST/Cuckoo.hs:489:30: warning: [-Wunused-matches]
    Defined but not used: ‘v'’
    |
489 |                       (\(k', v') -> do
    |                              ^^

src/Data/HashTable/ST/Cuckoo.hs:501:16: warning: [-Wunused-matches]
    Defined but not used: ‘ht’
    |
501 | deleteFromSlot ht@(HashTable _ _ hashes keys values _) idx = do
    |                ^^

src/Data/HashTable/ST/Cuckoo.hs:516:16: warning: [-Wunused-matches]
    Defined but not used: ‘ht’
    |
516 | insertIntoSlot ht@(HashTable _ _ hashes keys values _) idx he k v = do
    |                ^^
[11 of 12] Compiling Data.HashTable.ST.Linear ( src/Data/HashTable/ST/Linear.hs, .stack-work/dist/x86_64-linux-tinfo6/Cabal-2.4.0.1/build/Data/HashTable/ST/Linear.o )
[12 of 12] Compiling Data.HashTable.IO ( src/Data/HashTable/IO.hs, .stack-work/dist/x86_64-linux-tinfo6/Cabal-2.4.0.1/build/Data/HashTable/IO.o )
Installing library in /home/marccoquand/.stack/snapshots/x86_64-linux-tinfo6/lts-13.15/8.6.4/lib/x86_64-linux-ghc-8.6.4/hashtables-1.2.3.1-8aNB18EPlrwAPMOrs7Csna
Registering library for hashtables-1.2.3.1..
